*** Using Compiler 'V5.06 update 7 (build 960)', folder: 'D:\Keil_v5\ARM\ARMCC\Bin'
Build target 'motor'
compiling stm32f7xx_hal_cortex.c...
compiling stm32f7xx_hal_dma.c...
compiling stm32f7xx_hal_flash.c...
compiling system_stm32f7xx.c...
compiling stm32f7xx_hal_flash_ex.c...
compiling stm32f7xx_hal_gpio.c...
compiling stm32f7xx_hal_rcc_ex.c...
compiling stm32f7xx_hal_rcc.c...
compiling stm32f7xx_hal_dma_ex.c...
compiling stm32f7xx_hal_i2c_ex.c...
compiling stm32f7xx_hal_pwr.c...
compiling stm32f7xx_hal_pwr_ex.c...
compiling stm32f7xx_hal.c...
compiling stm32f7xx_hal_exti.c...
compiling stm32f7xx_hal_i2c.c...
compiling stm32f7xx_hal_tim.c...
compiling stm32f7xx_hal_uart_ex.c...
compiling stm32f7xx_hal_uart.c...
compiling stm32f7xx_hal_tim_ex.c...
linking...
Program Size: Code=60052 RO-data=2352 RW-data=1512 ZI-data=20880  
FromELF: creating hex file...
"motor\motor.axf" - 0 Error(s), 0 Warning(s).
Build Time Elapsed:  00:01:09
